"pkg-config --exists /Users/thaminduliyanage/Workspaces/ruby-sites/project-01/scheduled_tweets/vendor/bundle/ruby/2.7.0/gems/sqlite3-1.7.3/ports/arm64-apple-darwin24.0.0/sqlite3/3.45.2/lib/pkgconfig/sqlite3.pc"
| pkg-config --libs /Users/thaminduliyanage/Workspaces/ruby-sites/project-01/scheduled_tweets/vendor/bundle/ruby/2.7.0/gems/sqlite3-1.7.3/ports/arm64-apple-darwin24.0.0/sqlite3/3.45.2/lib/pkgconfig/sqlite3.pc
=> "-L/Users/thaminduliyanage/Workspaces/ruby-sites/project-01/scheduled_tweets/vendor/bundle/ruby/2.7.0/gems/sqlite3-1.7.3/ports/arm64-apple-darwin24.0.0/sqlite3/3.45.2/lib -lsqlite3\n"
"clang -o conftest -I/Users/thaminduliyanage/.rbenv/versions/2.7.2/include/ruby-2.7.0/arm64-darwin23 -I/Users/thaminduliyanage/.rbenv/versions/2.7.2/include/ruby-2.7.0/ruby/backward -I/Users/thaminduliyanage/.rbenv/versions/2.7.2/include/ruby-2.7.0 -I. -D_XOPEN_SOURCE -D_DARWIN_C_SOURCE -D_DARWIN_UNLIMITED_SELECT -D_REENTRANT   -O3 -ggdb3 -Wall -Wextra -Wdeprecated-declarations -Wdivision-by-zero -Wimplicit-function-declaration -Wimplicit-int -Wmisleading-indentation -Wpointer-arith -Wshorten-64-to-32 -Wwrite-strings -Wmissing-noreturn -Wno-cast-function-type -Wno-constant-logical-operand -Wno-long-long -Wno-missing-field-initializers -Wno-overlength-strings -Wno-parentheses-equality -Wno-self-assign -Wno-tautological-compare -Wno-unused-parameter -Wno-unused-value -Wunused-variable -Wextra-tokens  -fno-common -pipe conftest.c  -L. -L/Users/thaminduliyanage/.rbenv/versions/2.7.2/lib -L. -fstack-protector-strong     -lruby.2.7   "
checked program was:
/* begin */
1: #include "ruby.h"
2: 
3: int main(int argc, char **argv)
4: {
5:   return !!argv[argc];
6: }
/* end */

"clang -o conftest -I/Users/thaminduliyanage/.rbenv/versions/2.7.2/include/ruby-2.7.0/arm64-darwin23 -I/Users/thaminduliyanage/.rbenv/versions/2.7.2/include/ruby-2.7.0/ruby/backward -I/Users/thaminduliyanage/.rbenv/versions/2.7.2/include/ruby-2.7.0 -I. -D_XOPEN_SOURCE -D_DARWIN_C_SOURCE -D_DARWIN_UNLIMITED_SELECT -D_REENTRANT   -O3 -ggdb3 -Wall -Wextra -Wdeprecated-declarations -Wdivision-by-zero -Wimplicit-function-declaration -Wimplicit-int -Wmisleading-indentation -Wpointer-arith -Wshorten-64-to-32 -Wwrite-strings -Wmissing-noreturn -Wno-cast-function-type -Wno-constant-logical-operand -Wno-long-long -Wno-missing-field-initializers -Wno-overlength-strings -Wno-parentheses-equality -Wno-self-assign -Wno-tautological-compare -Wno-unused-parameter -Wno-unused-value -Wunused-variable -Wextra-tokens  -fno-common -pipe conftest.c  -L. -L/Users/thaminduliyanage/.rbenv/versions/2.7.2/lib -L. -fstack-protector-strong     -lruby.2.7 -L/Users/thaminduliyanage/Workspaces/ruby-sites/project-01/scheduled_tweets/vendor/bundle/ruby/2.7.0/gems/sqlite3-1.7.3/ports/arm64-apple-darwin24.0.0/sqlite3/3.45.2/lib -lsqlite3  "
checked program was:
/* begin */
1: #include "ruby.h"
2: 
3: int main(int argc, char **argv)
4: {
5:   return !!argv[argc];
6: }
/* end */

| pkg-config --cflags-only-I /Users/thaminduliyanage/Workspaces/ruby-sites/project-01/scheduled_tweets/vendor/bundle/ruby/2.7.0/gems/sqlite3-1.7.3/ports/arm64-apple-darwin24.0.0/sqlite3/3.45.2/lib/pkgconfig/sqlite3.pc
=> "-I/Users/thaminduliyanage/Workspaces/ruby-sites/project-01/scheduled_tweets/vendor/bundle/ruby/2.7.0/gems/sqlite3-1.7.3/ports/arm64-apple-darwin24.0.0/sqlite3/3.45.2/include\n"
| pkg-config --cflags-only-other /Users/thaminduliyanage/Workspaces/ruby-sites/project-01/scheduled_tweets/vendor/bundle/ruby/2.7.0/gems/sqlite3-1.7.3/ports/arm64-apple-darwin24.0.0/sqlite3/3.45.2/lib/pkgconfig/sqlite3.pc
=> "\n"
| pkg-config --libs-only-l /Users/thaminduliyanage/Workspaces/ruby-sites/project-01/scheduled_tweets/vendor/bundle/ruby/2.7.0/gems/sqlite3-1.7.3/ports/arm64-apple-darwin24.0.0/sqlite3/3.45.2/lib/pkgconfig/sqlite3.pc
=> "-lsqlite3\n"
package configuration for /Users/thaminduliyanage/Workspaces/ruby-sites/project-01/scheduled_tweets/vendor/bundle/ruby/2.7.0/gems/sqlite3-1.7.3/ports/arm64-apple-darwin24.0.0/sqlite3/3.45.2/lib/pkgconfig/sqlite3.pc
incflags: -I/Users/thaminduliyanage/Workspaces/ruby-sites/project-01/scheduled_tweets/vendor/bundle/ruby/2.7.0/gems/sqlite3-1.7.3/ports/arm64-apple-darwin24.0.0/sqlite3/3.45.2/include
cflags: 
ldflags: -L/Users/thaminduliyanage/Workspaces/ruby-sites/project-01/scheduled_tweets/vendor/bundle/ruby/2.7.0/gems/sqlite3-1.7.3/ports/arm64-apple-darwin24.0.0/sqlite3/3.45.2/lib
libs: -lsqlite3

| ["pkg-config", "--libs", "--static", "/Users/thaminduliyanage/Workspaces/ruby-sites/project-01/scheduled_tweets/vendor/bundle/ruby/2.7.0/gems/sqlite3-1.7.3/ports/arm64-apple-darwin24.0.0/sqlite3/3.45.2/lib/pkgconfig/sqlite3.pc"]
block in append_ldflags: checking for whether -L/Users/thaminduliyanage/Workspaces/ruby-sites/project-01/scheduled_tweets/vendor/bundle/ruby/2.7.0/gems/sqlite3-1.7.3/ports/arm64-apple-darwin24.0.0/sqlite3/3.45.2/lib is accepted as LDFLAGS... -------------------- yes

"clang -o conftest -I/Users/thaminduliyanage/.rbenv/versions/2.7.2/include/ruby-2.7.0/arm64-darwin23 -I/Users/thaminduliyanage/.rbenv/versions/2.7.2/include/ruby-2.7.0/ruby/backward -I/Users/thaminduliyanage/.rbenv/versions/2.7.2/include/ruby-2.7.0 -I. -I/Users/thaminduliyanage/Workspaces/ruby-sites/project-01/scheduled_tweets/vendor/bundle/ruby/2.7.0/gems/sqlite3-1.7.3/ports/arm64-apple-darwin24.0.0/sqlite3/3.45.2/include -D_XOPEN_SOURCE -D_DARWIN_C_SOURCE -D_DARWIN_UNLIMITED_SELECT -D_REENTRANT   -O3 -ggdb3 -Wall -Wextra -Wdeprecated-declarations -Wdivision-by-zero -Wimplicit-function-declaration -Wimplicit-int -Wmisleading-indentation -Wpointer-arith -Wshorten-64-to-32 -Wwrite-strings -Wmissing-noreturn -Wno-cast-function-type -Wno-constant-logical-operand -Wno-long-long -Wno-missing-field-initializers -Wno-overlength-strings -Wno-parentheses-equality -Wno-self-assign -Wno-tautological-compare -Wno-unused-parameter -Wno-unused-value -Wunused-variable -Wextra-tokens  -fno-common -pipe  conftest.c  -L. -L/Users/thaminduliyanage/.rbenv/versions/2.7.2/lib -L. -fstack-protector-strong -L/Users/thaminduliyanage/Workspaces/ruby-sites/project-01/scheduled_tweets/vendor/bundle/ruby/2.7.0/gems/sqlite3-1.7.3/ports/arm64-apple-darwin24.0.0/sqlite3/3.45.2/lib     -lsqlite3 -lruby.2.7 -L/Users/thaminduliyanage/Workspaces/ruby-sites/project-01/scheduled_tweets/vendor/bundle/ruby/2.7.0/gems/sqlite3-1.7.3/ports/arm64-apple-darwin24.0.0/sqlite3/3.45.2/lib  "
checked program was:
/* begin */
1: #include "ruby.h"
2: 
3: int main(int argc, char **argv)
4: {
5:   return !!argv[argc];
6: }
/* end */

--------------------

block in append_ldflags: checking for whether -lsqlite3 is accepted as LDFLAGS... -------------------- yes

"clang -o conftest -I/Users/thaminduliyanage/.rbenv/versions/2.7.2/include/ruby-2.7.0/arm64-darwin23 -I/Users/thaminduliyanage/.rbenv/versions/2.7.2/include/ruby-2.7.0/ruby/backward -I/Users/thaminduliyanage/.rbenv/versions/2.7.2/include/ruby-2.7.0 -I. -I/Users/thaminduliyanage/Workspaces/ruby-sites/project-01/scheduled_tweets/vendor/bundle/ruby/2.7.0/gems/sqlite3-1.7.3/ports/arm64-apple-darwin24.0.0/sqlite3/3.45.2/include -D_XOPEN_SOURCE -D_DARWIN_C_SOURCE -D_DARWIN_UNLIMITED_SELECT -D_REENTRANT   -O3 -ggdb3 -Wall -Wextra -Wdeprecated-declarations -Wdivision-by-zero -Wimplicit-function-declaration -Wimplicit-int -Wmisleading-indentation -Wpointer-arith -Wshorten-64-to-32 -Wwrite-strings -Wmissing-noreturn -Wno-cast-function-type -Wno-constant-logical-operand -Wno-long-long -Wno-missing-field-initializers -Wno-overlength-strings -Wno-parentheses-equality -Wno-self-assign -Wno-tautological-compare -Wno-unused-parameter -Wno-unused-value -Wunused-variable -Wextra-tokens  -fno-common -pipe  conftest.c  -L. -L/Users/thaminduliyanage/.rbenv/versions/2.7.2/lib -L. -fstack-protector-strong -L/Users/thaminduliyanage/Workspaces/ruby-sites/project-01/scheduled_tweets/vendor/bundle/ruby/2.7.0/gems/sqlite3-1.7.3/ports/arm64-apple-darwin24.0.0/sqlite3/3.45.2/lib -L/Users/thaminduliyanage/Workspaces/ruby-sites/project-01/scheduled_tweets/vendor/bundle/ruby/2.7.0/gems/sqlite3-1.7.3/ports/arm64-apple-darwin24.0.0/sqlite3/3.45.2/lib     -lsqlite3 -lruby.2.7 -lsqlite3  "
ld: warning: ignoring duplicate libraries: '-lsqlite3'
checked program was:
/* begin */
1: #include "ruby.h"
2: 
3: int main(int argc, char **argv)
4: {
5:   return !!argv[argc];
6: }
/* end */

--------------------

block in append_ldflags: checking for whether -lz is accepted as LDFLAGS... -------------------- yes

"clang -o conftest -I/Users/thaminduliyanage/.rbenv/versions/2.7.2/include/ruby-2.7.0/arm64-darwin23 -I/Users/thaminduliyanage/.rbenv/versions/2.7.2/include/ruby-2.7.0/ruby/backward -I/Users/thaminduliyanage/.rbenv/versions/2.7.2/include/ruby-2.7.0 -I. -I/Users/thaminduliyanage/Workspaces/ruby-sites/project-01/scheduled_tweets/vendor/bundle/ruby/2.7.0/gems/sqlite3-1.7.3/ports/arm64-apple-darwin24.0.0/sqlite3/3.45.2/include -D_XOPEN_SOURCE -D_DARWIN_C_SOURCE -D_DARWIN_UNLIMITED_SELECT -D_REENTRANT   -O3 -ggdb3 -Wall -Wextra -Wdeprecated-declarations -Wdivision-by-zero -Wimplicit-function-declaration -Wimplicit-int -Wmisleading-indentation -Wpointer-arith -Wshorten-64-to-32 -Wwrite-strings -Wmissing-noreturn -Wno-cast-function-type -Wno-constant-logical-operand -Wno-long-long -Wno-missing-field-initializers -Wno-overlength-strings -Wno-parentheses-equality -Wno-self-assign -Wno-tautological-compare -Wno-unused-parameter -Wno-unused-value -Wunused-variable -Wextra-tokens  -fno-common -pipe  conftest.c  -L. -L/Users/thaminduliyanage/.rbenv/versions/2.7.2/lib -L. -fstack-protector-strong -L/Users/thaminduliyanage/Workspaces/ruby-sites/project-01/scheduled_tweets/vendor/bundle/ruby/2.7.0/gems/sqlite3-1.7.3/ports/arm64-apple-darwin24.0.0/sqlite3/3.45.2/lib -L/Users/thaminduliyanage/Workspaces/ruby-sites/project-01/scheduled_tweets/vendor/bundle/ruby/2.7.0/gems/sqlite3-1.7.3/ports/arm64-apple-darwin24.0.0/sqlite3/3.45.2/lib -lsqlite3     -lsqlite3 -lruby.2.7 -lz  "
ld: warning: ignoring duplicate libraries: '-lsqlite3'
checked program was:
/* begin */
1: #include "ruby.h"
2: 
3: int main(int argc, char **argv)
4: {
5:   return !!argv[argc];
6: }
/* end */

--------------------

block in append_cflags: checking for whether -fvisibility=hidden is accepted as CFLAGS... -------------------- yes

"clang -I/Users/thaminduliyanage/.rbenv/versions/2.7.2/include/ruby-2.7.0/arm64-darwin23 -I/Users/thaminduliyanage/.rbenv/versions/2.7.2/include/ruby-2.7.0/ruby/backward -I/Users/thaminduliyanage/.rbenv/versions/2.7.2/include/ruby-2.7.0 -I. -I/Users/thaminduliyanage/Workspaces/ruby-sites/project-01/scheduled_tweets/vendor/bundle/ruby/2.7.0/gems/sqlite3-1.7.3/ports/arm64-apple-darwin24.0.0/sqlite3/3.45.2/include -D_XOPEN_SOURCE -D_DARWIN_C_SOURCE -D_DARWIN_UNLIMITED_SELECT -D_REENTRANT   -O3 -ggdb3 -Wall -Wextra -Wdeprecated-declarations -Wdivision-by-zero -Wimplicit-function-declaration -Wimplicit-int -Wmisleading-indentation -Wpointer-arith -Wshorten-64-to-32 -Wwrite-strings -Wmissing-noreturn -Wno-cast-function-type -Wno-constant-logical-operand -Wno-long-long -Wno-missing-field-initializers -Wno-overlength-strings -Wno-parentheses-equality -Wno-self-assign -Wno-tautological-compare -Wno-unused-parameter -Wno-unused-value -Wunused-variable -Wextra-tokens  -fno-common -pipe   -fvisibility=hidden -Werror -c conftest.c"
checked program was:
/* begin */
1: #include "ruby.h"
2: 
3: int main(int argc, char **argv)
4: {
5:   return !!argv[argc];
6: }
/* end */

--------------------

find_header: checking for sqlite3.h... -------------------- yes

"clang -E -I/Users/thaminduliyanage/.rbenv/versions/2.7.2/include/ruby-2.7.0/arm64-darwin23 -I/Users/thaminduliyanage/.rbenv/versions/2.7.2/include/ruby-2.7.0/ruby/backward -I/Users/thaminduliyanage/.rbenv/versions/2.7.2/include/ruby-2.7.0 -I. -I/Users/thaminduliyanage/Workspaces/ruby-sites/project-01/scheduled_tweets/vendor/bundle/ruby/2.7.0/gems/sqlite3-1.7.3/ports/arm64-apple-darwin24.0.0/sqlite3/3.45.2/include -D_XOPEN_SOURCE -D_DARWIN_C_SOURCE -D_DARWIN_UNLIMITED_SELECT -D_REENTRANT   -O3 -ggdb3 -Wall -Wextra -Wdeprecated-declarations -Wdivision-by-zero -Wimplicit-function-declaration -Wimplicit-int -Wmisleading-indentation -Wpointer-arith -Wshorten-64-to-32 -Wwrite-strings -Wmissing-noreturn -Wno-cast-function-type -Wno-constant-logical-operand -Wno-long-long -Wno-missing-field-initializers -Wno-overlength-strings -Wno-parentheses-equality -Wno-self-assign -Wno-tautological-compare -Wno-unused-parameter -Wno-unused-value -Wunused-variable -Wextra-tokens  -fno-common -pipe  -fvisibility=hidden  conftest.c -o conftest.i"
checked program was:
/* begin */
1: #include "ruby.h"
2: 
3: #include <sqlite3.h>
/* end */

--------------------

find_library: checking for sqlite3_libversion_number() in -lsqlite3... -------------------- yes

"clang -o conftest -I/Users/thaminduliyanage/.rbenv/versions/2.7.2/include/ruby-2.7.0/arm64-darwin23 -I/Users/thaminduliyanage/.rbenv/versions/2.7.2/include/ruby-2.7.0/ruby/backward -I/Users/thaminduliyanage/.rbenv/versions/2.7.2/include/ruby-2.7.0 -I. -I/Users/thaminduliyanage/Workspaces/ruby-sites/project-01/scheduled_tweets/vendor/bundle/ruby/2.7.0/gems/sqlite3-1.7.3/ports/arm64-apple-darwin24.0.0/sqlite3/3.45.2/include -D_XOPEN_SOURCE -D_DARWIN_C_SOURCE -D_DARWIN_UNLIMITED_SELECT -D_REENTRANT   -O3 -ggdb3 -Wall -Wextra -Wdeprecated-declarations -Wdivision-by-zero -Wimplicit-function-declaration -Wimplicit-int -Wmisleading-indentation -Wpointer-arith -Wshorten-64-to-32 -Wwrite-strings -Wmissing-noreturn -Wno-cast-function-type -Wno-constant-logical-operand -Wno-long-long -Wno-missing-field-initializers -Wno-overlength-strings -Wno-parentheses-equality -Wno-self-assign -Wno-tautological-compare -Wno-unused-parameter -Wno-unused-value -Wunused-variable -Wextra-tokens  -fno-common -pipe  -fvisibility=hidden conftest.c  -L. -L/Users/thaminduliyanage/.rbenv/versions/2.7.2/lib -L. -fstack-protector-strong -L/Users/thaminduliyanage/Workspaces/ruby-sites/project-01/scheduled_tweets/vendor/bundle/ruby/2.7.0/gems/sqlite3-1.7.3/ports/arm64-apple-darwin24.0.0/sqlite3/3.45.2/lib -L/Users/thaminduliyanage/Workspaces/ruby-sites/project-01/scheduled_tweets/vendor/bundle/ruby/2.7.0/gems/sqlite3-1.7.3/ports/arm64-apple-darwin24.0.0/sqlite3/3.45.2/lib -lsqlite3 -lz     -lsqlite3 -lruby.2.7 -lsqlite3  -lsqlite3  "
conftest.c:14:57: error: use of undeclared identifier 'sqlite3_libversion_number'
   14 | int t(void) { void ((*volatile p)()); p = (void ((*)()))sqlite3_libversion_number; return !p; }
      |                                                         ^
1 error generated.
checked program was:
/* begin */
 1: #include "ruby.h"
 2: 
 3: /*top*/
 4: extern int t(void);
 5: int main(int argc, char **argv)
 6: {
 7:   if (argc > 1000000) {
 8:     int (* volatile tp)(void)=(int (*)(void))&t;
 9:     printf("%d", (*tp)());
10:   }
11: 
12:   return !!argv[argc];
13: }
14: int t(void) { void ((*volatile p)()); p = (void ((*)()))sqlite3_libversion_number; return !p; }
/* end */

"clang -o conftest -I/Users/thaminduliyanage/.rbenv/versions/2.7.2/include/ruby-2.7.0/arm64-darwin23 -I/Users/thaminduliyanage/.rbenv/versions/2.7.2/include/ruby-2.7.0/ruby/backward -I/Users/thaminduliyanage/.rbenv/versions/2.7.2/include/ruby-2.7.0 -I. -I/Users/thaminduliyanage/Workspaces/ruby-sites/project-01/scheduled_tweets/vendor/bundle/ruby/2.7.0/gems/sqlite3-1.7.3/ports/arm64-apple-darwin24.0.0/sqlite3/3.45.2/include -D_XOPEN_SOURCE -D_DARWIN_C_SOURCE -D_DARWIN_UNLIMITED_SELECT -D_REENTRANT   -O3 -ggdb3 -Wall -Wextra -Wdeprecated-declarations -Wdivision-by-zero -Wimplicit-function-declaration -Wimplicit-int -Wmisleading-indentation -Wpointer-arith -Wshorten-64-to-32 -Wwrite-strings -Wmissing-noreturn -Wno-cast-function-type -Wno-constant-logical-operand -Wno-long-long -Wno-missing-field-initializers -Wno-overlength-strings -Wno-parentheses-equality -Wno-self-assign -Wno-tautological-compare -Wno-unused-parameter -Wno-unused-value -Wunused-variable -Wextra-tokens  -fno-common -pipe  -fvisibility=hidden conftest.c  -L. -L/Users/thaminduliyanage/.rbenv/versions/2.7.2/lib -L. -fstack-protector-strong -L/Users/thaminduliyanage/Workspaces/ruby-sites/project-01/scheduled_tweets/vendor/bundle/ruby/2.7.0/gems/sqlite3-1.7.3/ports/arm64-apple-darwin24.0.0/sqlite3/3.45.2/lib -L/Users/thaminduliyanage/Workspaces/ruby-sites/project-01/scheduled_tweets/vendor/bundle/ruby/2.7.0/gems/sqlite3-1.7.3/ports/arm64-apple-darwin24.0.0/sqlite3/3.45.2/lib -lsqlite3 -lz     -lsqlite3 -lruby.2.7 -lsqlite3  -lsqlite3  "
ld: warning: ignoring duplicate libraries: '-lsqlite3'
checked program was:
/* begin */
 1: #include "ruby.h"
 2: 
 3: /*top*/
 4: extern int t(void);
 5: int main(int argc, char **argv)
 6: {
 7:   if (argc > 1000000) {
 8:     int (* volatile tp)(void)=(int (*)(void))&t;
 9:     printf("%d", (*tp)());
10:   }
11: 
12:   return !!argv[argc];
13: }
14: extern void sqlite3_libversion_number();
15: int t(void) { sqlite3_libversion_number(); return 0; }
/* end */

--------------------

have_func: checking for rb_proc_arity()... -------------------- yes

"clang -o conftest -I/Users/thaminduliyanage/.rbenv/versions/2.7.2/include/ruby-2.7.0/arm64-darwin23 -I/Users/thaminduliyanage/.rbenv/versions/2.7.2/include/ruby-2.7.0/ruby/backward -I/Users/thaminduliyanage/.rbenv/versions/2.7.2/include/ruby-2.7.0 -I. -I/Users/thaminduliyanage/Workspaces/ruby-sites/project-01/scheduled_tweets/vendor/bundle/ruby/2.7.0/gems/sqlite3-1.7.3/ports/arm64-apple-darwin24.0.0/sqlite3/3.45.2/include -D_XOPEN_SOURCE -D_DARWIN_C_SOURCE -D_DARWIN_UNLIMITED_SELECT -D_REENTRANT   -O3 -ggdb3 -Wall -Wextra -Wdeprecated-declarations -Wdivision-by-zero -Wimplicit-function-declaration -Wimplicit-int -Wmisleading-indentation -Wpointer-arith -Wshorten-64-to-32 -Wwrite-strings -Wmissing-noreturn -Wno-cast-function-type -Wno-constant-logical-operand -Wno-long-long -Wno-missing-field-initializers -Wno-overlength-strings -Wno-parentheses-equality -Wno-self-assign -Wno-tautological-compare -Wno-unused-parameter -Wno-unused-value -Wunused-variable -Wextra-tokens  -fno-common -pipe  -fvisibility=hidden conftest.c  -L. -L/Users/thaminduliyanage/.rbenv/versions/2.7.2/lib -L. -fstack-protector-strong -L/Users/thaminduliyanage/Workspaces/ruby-sites/project-01/scheduled_tweets/vendor/bundle/ruby/2.7.0/gems/sqlite3-1.7.3/ports/arm64-apple-darwin24.0.0/sqlite3/3.45.2/lib -L/Users/thaminduliyanage/Workspaces/ruby-sites/project-01/scheduled_tweets/vendor/bundle/ruby/2.7.0/gems/sqlite3-1.7.3/ports/arm64-apple-darwin24.0.0/sqlite3/3.45.2/lib -lsqlite3 -lz    -lsqlite3  -lsqlite3 -lruby.2.7 -lsqlite3  -lsqlite3  "
ld: warning: ignoring duplicate libraries: '-lsqlite3'
checked program was:
/* begin */
 1: #include "ruby.h"
 2: 
 3: /*top*/
 4: extern int t(void);
 5: int main(int argc, char **argv)
 6: {
 7:   if (argc > 1000000) {
 8:     int (* volatile tp)(void)=(int (*)(void))&t;
 9:     printf("%d", (*tp)());
10:   }
11: 
12:   return !!argv[argc];
13: }
14: int t(void) { void ((*volatile p)()); p = (void ((*)()))rb_proc_arity; return !p; }
/* end */

--------------------

have_func: checking for rb_integer_pack()... -------------------- yes

"clang -o conftest -I/Users/thaminduliyanage/.rbenv/versions/2.7.2/include/ruby-2.7.0/arm64-darwin23 -I/Users/thaminduliyanage/.rbenv/versions/2.7.2/include/ruby-2.7.0/ruby/backward -I/Users/thaminduliyanage/.rbenv/versions/2.7.2/include/ruby-2.7.0 -I. -I/Users/thaminduliyanage/Workspaces/ruby-sites/project-01/scheduled_tweets/vendor/bundle/ruby/2.7.0/gems/sqlite3-1.7.3/ports/arm64-apple-darwin24.0.0/sqlite3/3.45.2/include -D_XOPEN_SOURCE -D_DARWIN_C_SOURCE -D_DARWIN_UNLIMITED_SELECT -D_REENTRANT   -O3 -ggdb3 -Wall -Wextra -Wdeprecated-declarations -Wdivision-by-zero -Wimplicit-function-declaration -Wimplicit-int -Wmisleading-indentation -Wpointer-arith -Wshorten-64-to-32 -Wwrite-strings -Wmissing-noreturn -Wno-cast-function-type -Wno-constant-logical-operand -Wno-long-long -Wno-missing-field-initializers -Wno-overlength-strings -Wno-parentheses-equality -Wno-self-assign -Wno-tautological-compare -Wno-unused-parameter -Wno-unused-value -Wunused-variable -Wextra-tokens  -fno-common -pipe  -fvisibility=hidden conftest.c  -L. -L/Users/thaminduliyanage/.rbenv/versions/2.7.2/lib -L. -fstack-protector-strong -L/Users/thaminduliyanage/Workspaces/ruby-sites/project-01/scheduled_tweets/vendor/bundle/ruby/2.7.0/gems/sqlite3-1.7.3/ports/arm64-apple-darwin24.0.0/sqlite3/3.45.2/lib -L/Users/thaminduliyanage/Workspaces/ruby-sites/project-01/scheduled_tweets/vendor/bundle/ruby/2.7.0/gems/sqlite3-1.7.3/ports/arm64-apple-darwin24.0.0/sqlite3/3.45.2/lib -lsqlite3 -lz    -lsqlite3  -lsqlite3 -lruby.2.7 -lsqlite3  -lsqlite3  "
ld: warning: ignoring duplicate libraries: '-lsqlite3'
checked program was:
/* begin */
 1: #include "ruby.h"
 2: 
 3: /*top*/
 4: extern int t(void);
 5: int main(int argc, char **argv)
 6: {
 7:   if (argc > 1000000) {
 8:     int (* volatile tp)(void)=(int (*)(void))&t;
 9:     printf("%d", (*tp)());
10:   }
11: 
12:   return !!argv[argc];
13: }
14: int t(void) { void ((*volatile p)()); p = (void ((*)()))rb_integer_pack; return !p; }
/* end */

--------------------

have_func: checking for sqlite3_initialize()... -------------------- yes

"clang -o conftest -I/Users/thaminduliyanage/.rbenv/versions/2.7.2/include/ruby-2.7.0/arm64-darwin23 -I/Users/thaminduliyanage/.rbenv/versions/2.7.2/include/ruby-2.7.0/ruby/backward -I/Users/thaminduliyanage/.rbenv/versions/2.7.2/include/ruby-2.7.0 -I. -I/Users/thaminduliyanage/Workspaces/ruby-sites/project-01/scheduled_tweets/vendor/bundle/ruby/2.7.0/gems/sqlite3-1.7.3/ports/arm64-apple-darwin24.0.0/sqlite3/3.45.2/include -D_XOPEN_SOURCE -D_DARWIN_C_SOURCE -D_DARWIN_UNLIMITED_SELECT -D_REENTRANT   -O3 -ggdb3 -Wall -Wextra -Wdeprecated-declarations -Wdivision-by-zero -Wimplicit-function-declaration -Wimplicit-int -Wmisleading-indentation -Wpointer-arith -Wshorten-64-to-32 -Wwrite-strings -Wmissing-noreturn -Wno-cast-function-type -Wno-constant-logical-operand -Wno-long-long -Wno-missing-field-initializers -Wno-overlength-strings -Wno-parentheses-equality -Wno-self-assign -Wno-tautological-compare -Wno-unused-parameter -Wno-unused-value -Wunused-variable -Wextra-tokens  -fno-common -pipe  -fvisibility=hidden conftest.c  -L. -L/Users/thaminduliyanage/.rbenv/versions/2.7.2/lib -L. -fstack-protector-strong -L/Users/thaminduliyanage/Workspaces/ruby-sites/project-01/scheduled_tweets/vendor/bundle/ruby/2.7.0/gems/sqlite3-1.7.3/ports/arm64-apple-darwin24.0.0/sqlite3/3.45.2/lib -L/Users/thaminduliyanage/Workspaces/ruby-sites/project-01/scheduled_tweets/vendor/bundle/ruby/2.7.0/gems/sqlite3-1.7.3/ports/arm64-apple-darwin24.0.0/sqlite3/3.45.2/lib -lsqlite3 -lz    -lsqlite3  -lsqlite3 -lruby.2.7 -lsqlite3  -lsqlite3  "
conftest.c:14:57: error: use of undeclared identifier 'sqlite3_initialize'
   14 | int t(void) { void ((*volatile p)()); p = (void ((*)()))sqlite3_initialize; return !p; }
      |                                                         ^
1 error generated.
checked program was:
/* begin */
 1: #include "ruby.h"
 2: 
 3: /*top*/
 4: extern int t(void);
 5: int main(int argc, char **argv)
 6: {
 7:   if (argc > 1000000) {
 8:     int (* volatile tp)(void)=(int (*)(void))&t;
 9:     printf("%d", (*tp)());
10:   }
11: 
12:   return !!argv[argc];
13: }
14: int t(void) { void ((*volatile p)()); p = (void ((*)()))sqlite3_initialize; return !p; }
/* end */

"clang -o conftest -I/Users/thaminduliyanage/.rbenv/versions/2.7.2/include/ruby-2.7.0/arm64-darwin23 -I/Users/thaminduliyanage/.rbenv/versions/2.7.2/include/ruby-2.7.0/ruby/backward -I/Users/thaminduliyanage/.rbenv/versions/2.7.2/include/ruby-2.7.0 -I. -I/Users/thaminduliyanage/Workspaces/ruby-sites/project-01/scheduled_tweets/vendor/bundle/ruby/2.7.0/gems/sqlite3-1.7.3/ports/arm64-apple-darwin24.0.0/sqlite3/3.45.2/include -D_XOPEN_SOURCE -D_DARWIN_C_SOURCE -D_DARWIN_UNLIMITED_SELECT -D_REENTRANT   -O3 -ggdb3 -Wall -Wextra -Wdeprecated-declarations -Wdivision-by-zero -Wimplicit-function-declaration -Wimplicit-int -Wmisleading-indentation -Wpointer-arith -Wshorten-64-to-32 -Wwrite-strings -Wmissing-noreturn -Wno-cast-function-type -Wno-constant-logical-operand -Wno-long-long -Wno-missing-field-initializers -Wno-overlength-strings -Wno-parentheses-equality -Wno-self-assign -Wno-tautological-compare -Wno-unused-parameter -Wno-unused-value -Wunused-variable -Wextra-tokens  -fno-common -pipe  -fvisibility=hidden conftest.c  -L. -L/Users/thaminduliyanage/.rbenv/versions/2.7.2/lib -L. -fstack-protector-strong -L/Users/thaminduliyanage/Workspaces/ruby-sites/project-01/scheduled_tweets/vendor/bundle/ruby/2.7.0/gems/sqlite3-1.7.3/ports/arm64-apple-darwin24.0.0/sqlite3/3.45.2/lib -L/Users/thaminduliyanage/Workspaces/ruby-sites/project-01/scheduled_tweets/vendor/bundle/ruby/2.7.0/gems/sqlite3-1.7.3/ports/arm64-apple-darwin24.0.0/sqlite3/3.45.2/lib -lsqlite3 -lz    -lsqlite3  -lsqlite3 -lruby.2.7 -lsqlite3  -lsqlite3  "
ld: warning: ignoring duplicate libraries: '-lsqlite3'
checked program was:
/* begin */
 1: #include "ruby.h"
 2: 
 3: /*top*/
 4: extern int t(void);
 5: int main(int argc, char **argv)
 6: {
 7:   if (argc > 1000000) {
 8:     int (* volatile tp)(void)=(int (*)(void))&t;
 9:     printf("%d", (*tp)());
10:   }
11: 
12:   return !!argv[argc];
13: }
14: extern void sqlite3_initialize();
15: int t(void) { sqlite3_initialize(); return 0; }
/* end */

--------------------

have_func: checking for sqlite3_backup_init()... -------------------- yes

"clang -o conftest -I/Users/thaminduliyanage/.rbenv/versions/2.7.2/include/ruby-2.7.0/arm64-darwin23 -I/Users/thaminduliyanage/.rbenv/versions/2.7.2/include/ruby-2.7.0/ruby/backward -I/Users/thaminduliyanage/.rbenv/versions/2.7.2/include/ruby-2.7.0 -I. -I/Users/thaminduliyanage/Workspaces/ruby-sites/project-01/scheduled_tweets/vendor/bundle/ruby/2.7.0/gems/sqlite3-1.7.3/ports/arm64-apple-darwin24.0.0/sqlite3/3.45.2/include -D_XOPEN_SOURCE -D_DARWIN_C_SOURCE -D_DARWIN_UNLIMITED_SELECT -D_REENTRANT   -O3 -ggdb3 -Wall -Wextra -Wdeprecated-declarations -Wdivision-by-zero -Wimplicit-function-declaration -Wimplicit-int -Wmisleading-indentation -Wpointer-arith -Wshorten-64-to-32 -Wwrite-strings -Wmissing-noreturn -Wno-cast-function-type -Wno-constant-logical-operand -Wno-long-long -Wno-missing-field-initializers -Wno-overlength-strings -Wno-parentheses-equality -Wno-self-assign -Wno-tautological-compare -Wno-unused-parameter -Wno-unused-value -Wunused-variable -Wextra-tokens  -fno-common -pipe  -fvisibility=hidden conftest.c  -L. -L/Users/thaminduliyanage/.rbenv/versions/2.7.2/lib -L. -fstack-protector-strong -L/Users/thaminduliyanage/Workspaces/ruby-sites/project-01/scheduled_tweets/vendor/bundle/ruby/2.7.0/gems/sqlite3-1.7.3/ports/arm64-apple-darwin24.0.0/sqlite3/3.45.2/lib -L/Users/thaminduliyanage/Workspaces/ruby-sites/project-01/scheduled_tweets/vendor/bundle/ruby/2.7.0/gems/sqlite3-1.7.3/ports/arm64-apple-darwin24.0.0/sqlite3/3.45.2/lib -lsqlite3 -lz    -lsqlite3  -lsqlite3 -lruby.2.7 -lsqlite3  -lsqlite3  "
conftest.c:14:57: error: use of undeclared identifier 'sqlite3_backup_init'
   14 | int t(void) { void ((*volatile p)()); p = (void ((*)()))sqlite3_backup_init; return !p; }
      |                                                         ^
1 error generated.
checked program was:
/* begin */
 1: #include "ruby.h"
 2: 
 3: /*top*/
 4: extern int t(void);
 5: int main(int argc, char **argv)
 6: {
 7:   if (argc > 1000000) {
 8:     int (* volatile tp)(void)=(int (*)(void))&t;
 9:     printf("%d", (*tp)());
10:   }
11: 
12:   return !!argv[argc];
13: }
14: int t(void) { void ((*volatile p)()); p = (void ((*)()))sqlite3_backup_init; return !p; }
/* end */

"clang -o conftest -I/Users/thaminduliyanage/.rbenv/versions/2.7.2/include/ruby-2.7.0/arm64-darwin23 -I/Users/thaminduliyanage/.rbenv/versions/2.7.2/include/ruby-2.7.0/ruby/backward -I/Users/thaminduliyanage/.rbenv/versions/2.7.2/include/ruby-2.7.0 -I. -I/Users/thaminduliyanage/Workspaces/ruby-sites/project-01/scheduled_tweets/vendor/bundle/ruby/2.7.0/gems/sqlite3-1.7.3/ports/arm64-apple-darwin24.0.0/sqlite3/3.45.2/include -D_XOPEN_SOURCE -D_DARWIN_C_SOURCE -D_DARWIN_UNLIMITED_SELECT -D_REENTRANT   -O3 -ggdb3 -Wall -Wextra -Wdeprecated-declarations -Wdivision-by-zero -Wimplicit-function-declaration -Wimplicit-int -Wmisleading-indentation -Wpointer-arith -Wshorten-64-to-32 -Wwrite-strings -Wmissing-noreturn -Wno-cast-function-type -Wno-constant-logical-operand -Wno-long-long -Wno-missing-field-initializers -Wno-overlength-strings -Wno-parentheses-equality -Wno-self-assign -Wno-tautological-compare -Wno-unused-parameter -Wno-unused-value -Wunused-variable -Wextra-tokens  -fno-common -pipe  -fvisibility=hidden conftest.c  -L. -L/Users/thaminduliyanage/.rbenv/versions/2.7.2/lib -L. -fstack-protector-strong -L/Users/thaminduliyanage/Workspaces/ruby-sites/project-01/scheduled_tweets/vendor/bundle/ruby/2.7.0/gems/sqlite3-1.7.3/ports/arm64-apple-darwin24.0.0/sqlite3/3.45.2/lib -L/Users/thaminduliyanage/Workspaces/ruby-sites/project-01/scheduled_tweets/vendor/bundle/ruby/2.7.0/gems/sqlite3-1.7.3/ports/arm64-apple-darwin24.0.0/sqlite3/3.45.2/lib -lsqlite3 -lz    -lsqlite3  -lsqlite3 -lruby.2.7 -lsqlite3  -lsqlite3  "
ld: warning: ignoring duplicate libraries: '-lsqlite3'
checked program was:
/* begin */
 1: #include "ruby.h"
 2: 
 3: /*top*/
 4: extern int t(void);
 5: int main(int argc, char **argv)
 6: {
 7:   if (argc > 1000000) {
 8:     int (* volatile tp)(void)=(int (*)(void))&t;
 9:     printf("%d", (*tp)());
10:   }
11: 
12:   return !!argv[argc];
13: }
14: extern void sqlite3_backup_init();
15: int t(void) { sqlite3_backup_init(); return 0; }
/* end */

--------------------

have_func: checking for sqlite3_column_database_name()... -------------------- no

"clang -o conftest -I/Users/thaminduliyanage/.rbenv/versions/2.7.2/include/ruby-2.7.0/arm64-darwin23 -I/Users/thaminduliyanage/.rbenv/versions/2.7.2/include/ruby-2.7.0/ruby/backward -I/Users/thaminduliyanage/.rbenv/versions/2.7.2/include/ruby-2.7.0 -I. -I/Users/thaminduliyanage/Workspaces/ruby-sites/project-01/scheduled_tweets/vendor/bundle/ruby/2.7.0/gems/sqlite3-1.7.3/ports/arm64-apple-darwin24.0.0/sqlite3/3.45.2/include -D_XOPEN_SOURCE -D_DARWIN_C_SOURCE -D_DARWIN_UNLIMITED_SELECT -D_REENTRANT   -O3 -ggdb3 -Wall -Wextra -Wdeprecated-declarations -Wdivision-by-zero -Wimplicit-function-declaration -Wimplicit-int -Wmisleading-indentation -Wpointer-arith -Wshorten-64-to-32 -Wwrite-strings -Wmissing-noreturn -Wno-cast-function-type -Wno-constant-logical-operand -Wno-long-long -Wno-missing-field-initializers -Wno-overlength-strings -Wno-parentheses-equality -Wno-self-assign -Wno-tautological-compare -Wno-unused-parameter -Wno-unused-value -Wunused-variable -Wextra-tokens  -fno-common -pipe  -fvisibility=hidden conftest.c  -L. -L/Users/thaminduliyanage/.rbenv/versions/2.7.2/lib -L. -fstack-protector-strong -L/Users/thaminduliyanage/Workspaces/ruby-sites/project-01/scheduled_tweets/vendor/bundle/ruby/2.7.0/gems/sqlite3-1.7.3/ports/arm64-apple-darwin24.0.0/sqlite3/3.45.2/lib -L/Users/thaminduliyanage/Workspaces/ruby-sites/project-01/scheduled_tweets/vendor/bundle/ruby/2.7.0/gems/sqlite3-1.7.3/ports/arm64-apple-darwin24.0.0/sqlite3/3.45.2/lib -lsqlite3 -lz    -lsqlite3  -lsqlite3 -lruby.2.7 -lsqlite3  -lsqlite3  "
conftest.c:14:57: error: use of undeclared identifier 'sqlite3_column_database_name'
   14 | int t(void) { void ((*volatile p)()); p = (void ((*)()))sqlite3_column_database_name; return !p; }
      |                                                         ^
1 error generated.
checked program was:
/* begin */
 1: #include "ruby.h"
 2: 
 3: /*top*/
 4: extern int t(void);
 5: int main(int argc, char **argv)
 6: {
 7:   if (argc > 1000000) {
 8:     int (* volatile tp)(void)=(int (*)(void))&t;
 9:     printf("%d", (*tp)());
10:   }
11: 
12:   return !!argv[argc];
13: }
14: int t(void) { void ((*volatile p)()); p = (void ((*)()))sqlite3_column_database_name; return !p; }
/* end */

"clang -o conftest -I/Users/thaminduliyanage/.rbenv/versions/2.7.2/include/ruby-2.7.0/arm64-darwin23 -I/Users/thaminduliyanage/.rbenv/versions/2.7.2/include/ruby-2.7.0/ruby/backward -I/Users/thaminduliyanage/.rbenv/versions/2.7.2/include/ruby-2.7.0 -I. -I/Users/thaminduliyanage/Workspaces/ruby-sites/project-01/scheduled_tweets/vendor/bundle/ruby/2.7.0/gems/sqlite3-1.7.3/ports/arm64-apple-darwin24.0.0/sqlite3/3.45.2/include -D_XOPEN_SOURCE -D_DARWIN_C_SOURCE -D_DARWIN_UNLIMITED_SELECT -D_REENTRANT   -O3 -ggdb3 -Wall -Wextra -Wdeprecated-declarations -Wdivision-by-zero -Wimplicit-function-declaration -Wimplicit-int -Wmisleading-indentation -Wpointer-arith -Wshorten-64-to-32 -Wwrite-strings -Wmissing-noreturn -Wno-cast-function-type -Wno-constant-logical-operand -Wno-long-long -Wno-missing-field-initializers -Wno-overlength-strings -Wno-parentheses-equality -Wno-self-assign -Wno-tautological-compare -Wno-unused-parameter -Wno-unused-value -Wunused-variable -Wextra-tokens  -fno-common -pipe  -fvisibility=hidden conftest.c  -L. -L/Users/thaminduliyanage/.rbenv/versions/2.7.2/lib -L. -fstack-protector-strong -L/Users/thaminduliyanage/Workspaces/ruby-sites/project-01/scheduled_tweets/vendor/bundle/ruby/2.7.0/gems/sqlite3-1.7.3/ports/arm64-apple-darwin24.0.0/sqlite3/3.45.2/lib -L/Users/thaminduliyanage/Workspaces/ruby-sites/project-01/scheduled_tweets/vendor/bundle/ruby/2.7.0/gems/sqlite3-1.7.3/ports/arm64-apple-darwin24.0.0/sqlite3/3.45.2/lib -lsqlite3 -lz    -lsqlite3  -lsqlite3 -lruby.2.7 -lsqlite3  -lsqlite3  "
ld: warning: ignoring duplicate libraries: '-lsqlite3'
Undefined symbols for architecture arm64:
  "_sqlite3_column_database_name", referenced from:
      _t in conftest-756089.o
ld: symbol(s) not found for architecture arm64
clang: error: linker command failed with exit code 1 (use -v to see invocation)
checked program was:
/* begin */
 1: #include "ruby.h"
 2: 
 3: /*top*/
 4: extern int t(void);
 5: int main(int argc, char **argv)
 6: {
 7:   if (argc > 1000000) {
 8:     int (* volatile tp)(void)=(int (*)(void))&t;
 9:     printf("%d", (*tp)());
10:   }
11: 
12:   return !!argv[argc];
13: }
14: extern void sqlite3_column_database_name();
15: int t(void) { sqlite3_column_database_name(); return 0; }
/* end */

--------------------

have_func: checking for sqlite3_enable_load_extension()... -------------------- yes

"clang -o conftest -I/Users/thaminduliyanage/.rbenv/versions/2.7.2/include/ruby-2.7.0/arm64-darwin23 -I/Users/thaminduliyanage/.rbenv/versions/2.7.2/include/ruby-2.7.0/ruby/backward -I/Users/thaminduliyanage/.rbenv/versions/2.7.2/include/ruby-2.7.0 -I. -I/Users/thaminduliyanage/Workspaces/ruby-sites/project-01/scheduled_tweets/vendor/bundle/ruby/2.7.0/gems/sqlite3-1.7.3/ports/arm64-apple-darwin24.0.0/sqlite3/3.45.2/include -D_XOPEN_SOURCE -D_DARWIN_C_SOURCE -D_DARWIN_UNLIMITED_SELECT -D_REENTRANT   -O3 -ggdb3 -Wall -Wextra -Wdeprecated-declarations -Wdivision-by-zero -Wimplicit-function-declaration -Wimplicit-int -Wmisleading-indentation -Wpointer-arith -Wshorten-64-to-32 -Wwrite-strings -Wmissing-noreturn -Wno-cast-function-type -Wno-constant-logical-operand -Wno-long-long -Wno-missing-field-initializers -Wno-overlength-strings -Wno-parentheses-equality -Wno-self-assign -Wno-tautological-compare -Wno-unused-parameter -Wno-unused-value -Wunused-variable -Wextra-tokens  -fno-common -pipe  -fvisibility=hidden conftest.c  -L. -L/Users/thaminduliyanage/.rbenv/versions/2.7.2/lib -L. -fstack-protector-strong -L/Users/thaminduliyanage/Workspaces/ruby-sites/project-01/scheduled_tweets/vendor/bundle/ruby/2.7.0/gems/sqlite3-1.7.3/ports/arm64-apple-darwin24.0.0/sqlite3/3.45.2/lib -L/Users/thaminduliyanage/Workspaces/ruby-sites/project-01/scheduled_tweets/vendor/bundle/ruby/2.7.0/gems/sqlite3-1.7.3/ports/arm64-apple-darwin24.0.0/sqlite3/3.45.2/lib -lsqlite3 -lz    -lsqlite3  -lsqlite3 -lruby.2.7 -lsqlite3  -lsqlite3  "
conftest.c:14:57: error: use of undeclared identifier 'sqlite3_enable_load_extension'
   14 | int t(void) { void ((*volatile p)()); p = (void ((*)()))sqlite3_enable_load_extension; return !p; }
      |                                                         ^
1 error generated.
checked program was:
/* begin */
 1: #include "ruby.h"
 2: 
 3: /*top*/
 4: extern int t(void);
 5: int main(int argc, char **argv)
 6: {
 7:   if (argc > 1000000) {
 8:     int (* volatile tp)(void)=(int (*)(void))&t;
 9:     printf("%d", (*tp)());
10:   }
11: 
12:   return !!argv[argc];
13: }
14: int t(void) { void ((*volatile p)()); p = (void ((*)()))sqlite3_enable_load_extension; return !p; }
/* end */

"clang -o conftest -I/Users/thaminduliyanage/.rbenv/versions/2.7.2/include/ruby-2.7.0/arm64-darwin23 -I/Users/thaminduliyanage/.rbenv/versions/2.7.2/include/ruby-2.7.0/ruby/backward -I/Users/thaminduliyanage/.rbenv/versions/2.7.2/include/ruby-2.7.0 -I. -I/Users/thaminduliyanage/Workspaces/ruby-sites/project-01/scheduled_tweets/vendor/bundle/ruby/2.7.0/gems/sqlite3-1.7.3/ports/arm64-apple-darwin24.0.0/sqlite3/3.45.2/include -D_XOPEN_SOURCE -D_DARWIN_C_SOURCE -D_DARWIN_UNLIMITED_SELECT -D_REENTRANT   -O3 -ggdb3 -Wall -Wextra -Wdeprecated-declarations -Wdivision-by-zero -Wimplicit-function-declaration -Wimplicit-int -Wmisleading-indentation -Wpointer-arith -Wshorten-64-to-32 -Wwrite-strings -Wmissing-noreturn -Wno-cast-function-type -Wno-constant-logical-operand -Wno-long-long -Wno-missing-field-initializers -Wno-overlength-strings -Wno-parentheses-equality -Wno-self-assign -Wno-tautological-compare -Wno-unused-parameter -Wno-unused-value -Wunused-variable -Wextra-tokens  -fno-common -pipe  -fvisibility=hidden conftest.c  -L. -L/Users/thaminduliyanage/.rbenv/versions/2.7.2/lib -L. -fstack-protector-strong -L/Users/thaminduliyanage/Workspaces/ruby-sites/project-01/scheduled_tweets/vendor/bundle/ruby/2.7.0/gems/sqlite3-1.7.3/ports/arm64-apple-darwin24.0.0/sqlite3/3.45.2/lib -L/Users/thaminduliyanage/Workspaces/ruby-sites/project-01/scheduled_tweets/vendor/bundle/ruby/2.7.0/gems/sqlite3-1.7.3/ports/arm64-apple-darwin24.0.0/sqlite3/3.45.2/lib -lsqlite3 -lz    -lsqlite3  -lsqlite3 -lruby.2.7 -lsqlite3  -lsqlite3  "
ld: warning: ignoring duplicate libraries: '-lsqlite3'
checked program was:
/* begin */
 1: #include "ruby.h"
 2: 
 3: /*top*/
 4: extern int t(void);
 5: int main(int argc, char **argv)
 6: {
 7:   if (argc > 1000000) {
 8:     int (* volatile tp)(void)=(int (*)(void))&t;
 9:     printf("%d", (*tp)());
10:   }
11: 
12:   return !!argv[argc];
13: }
14: extern void sqlite3_enable_load_extension();
15: int t(void) { sqlite3_enable_load_extension(); return 0; }
/* end */

--------------------

have_func: checking for sqlite3_load_extension()... -------------------- yes

"clang -o conftest -I/Users/thaminduliyanage/.rbenv/versions/2.7.2/include/ruby-2.7.0/arm64-darwin23 -I/Users/thaminduliyanage/.rbenv/versions/2.7.2/include/ruby-2.7.0/ruby/backward -I/Users/thaminduliyanage/.rbenv/versions/2.7.2/include/ruby-2.7.0 -I. -I/Users/thaminduliyanage/Workspaces/ruby-sites/project-01/scheduled_tweets/vendor/bundle/ruby/2.7.0/gems/sqlite3-1.7.3/ports/arm64-apple-darwin24.0.0/sqlite3/3.45.2/include -D_XOPEN_SOURCE -D_DARWIN_C_SOURCE -D_DARWIN_UNLIMITED_SELECT -D_REENTRANT   -O3 -ggdb3 -Wall -Wextra -Wdeprecated-declarations -Wdivision-by-zero -Wimplicit-function-declaration -Wimplicit-int -Wmisleading-indentation -Wpointer-arith -Wshorten-64-to-32 -Wwrite-strings -Wmissing-noreturn -Wno-cast-function-type -Wno-constant-logical-operand -Wno-long-long -Wno-missing-field-initializers -Wno-overlength-strings -Wno-parentheses-equality -Wno-self-assign -Wno-tautological-compare -Wno-unused-parameter -Wno-unused-value -Wunused-variable -Wextra-tokens  -fno-common -pipe  -fvisibility=hidden conftest.c  -L. -L/Users/thaminduliyanage/.rbenv/versions/2.7.2/lib -L. -fstack-protector-strong -L/Users/thaminduliyanage/Workspaces/ruby-sites/project-01/scheduled_tweets/vendor/bundle/ruby/2.7.0/gems/sqlite3-1.7.3/ports/arm64-apple-darwin24.0.0/sqlite3/3.45.2/lib -L/Users/thaminduliyanage/Workspaces/ruby-sites/project-01/scheduled_tweets/vendor/bundle/ruby/2.7.0/gems/sqlite3-1.7.3/ports/arm64-apple-darwin24.0.0/sqlite3/3.45.2/lib -lsqlite3 -lz    -lsqlite3  -lsqlite3 -lruby.2.7 -lsqlite3  -lsqlite3  "
conftest.c:14:57: error: use of undeclared identifier 'sqlite3_load_extension'
   14 | int t(void) { void ((*volatile p)()); p = (void ((*)()))sqlite3_load_extension; return !p; }
      |                                                         ^
1 error generated.
checked program was:
/* begin */
 1: #include "ruby.h"
 2: 
 3: /*top*/
 4: extern int t(void);
 5: int main(int argc, char **argv)
 6: {
 7:   if (argc > 1000000) {
 8:     int (* volatile tp)(void)=(int (*)(void))&t;
 9:     printf("%d", (*tp)());
10:   }
11: 
12:   return !!argv[argc];
13: }
14: int t(void) { void ((*volatile p)()); p = (void ((*)()))sqlite3_load_extension; return !p; }
/* end */

"clang -o conftest -I/Users/thaminduliyanage/.rbenv/versions/2.7.2/include/ruby-2.7.0/arm64-darwin23 -I/Users/thaminduliyanage/.rbenv/versions/2.7.2/include/ruby-2.7.0/ruby/backward -I/Users/thaminduliyanage/.rbenv/versions/2.7.2/include/ruby-2.7.0 -I. -I/Users/thaminduliyanage/Workspaces/ruby-sites/project-01/scheduled_tweets/vendor/bundle/ruby/2.7.0/gems/sqlite3-1.7.3/ports/arm64-apple-darwin24.0.0/sqlite3/3.45.2/include -D_XOPEN_SOURCE -D_DARWIN_C_SOURCE -D_DARWIN_UNLIMITED_SELECT -D_REENTRANT   -O3 -ggdb3 -Wall -Wextra -Wdeprecated-declarations -Wdivision-by-zero -Wimplicit-function-declaration -Wimplicit-int -Wmisleading-indentation -Wpointer-arith -Wshorten-64-to-32 -Wwrite-strings -Wmissing-noreturn -Wno-cast-function-type -Wno-constant-logical-operand -Wno-long-long -Wno-missing-field-initializers -Wno-overlength-strings -Wno-parentheses-equality -Wno-self-assign -Wno-tautological-compare -Wno-unused-parameter -Wno-unused-value -Wunused-variable -Wextra-tokens  -fno-common -pipe  -fvisibility=hidden conftest.c  -L. -L/Users/thaminduliyanage/.rbenv/versions/2.7.2/lib -L. -fstack-protector-strong -L/Users/thaminduliyanage/Workspaces/ruby-sites/project-01/scheduled_tweets/vendor/bundle/ruby/2.7.0/gems/sqlite3-1.7.3/ports/arm64-apple-darwin24.0.0/sqlite3/3.45.2/lib -L/Users/thaminduliyanage/Workspaces/ruby-sites/project-01/scheduled_tweets/vendor/bundle/ruby/2.7.0/gems/sqlite3-1.7.3/ports/arm64-apple-darwin24.0.0/sqlite3/3.45.2/lib -lsqlite3 -lz    -lsqlite3  -lsqlite3 -lruby.2.7 -lsqlite3  -lsqlite3  "
ld: warning: ignoring duplicate libraries: '-lsqlite3'
checked program was:
/* begin */
 1: #include "ruby.h"
 2: 
 3: /*top*/
 4: extern int t(void);
 5: int main(int argc, char **argv)
 6: {
 7:   if (argc > 1000000) {
 8:     int (* volatile tp)(void)=(int (*)(void))&t;
 9:     printf("%d", (*tp)());
10:   }
11: 
12:   return !!argv[argc];
13: }
14: extern void sqlite3_load_extension();
15: int t(void) { sqlite3_load_extension(); return 0; }
/* end */

--------------------

have_func: checking for sqlite3_open_v2()... -------------------- yes

"clang -o conftest -I/Users/thaminduliyanage/.rbenv/versions/2.7.2/include/ruby-2.7.0/arm64-darwin23 -I/Users/thaminduliyanage/.rbenv/versions/2.7.2/include/ruby-2.7.0/ruby/backward -I/Users/thaminduliyanage/.rbenv/versions/2.7.2/include/ruby-2.7.0 -I. -I/Users/thaminduliyanage/Workspaces/ruby-sites/project-01/scheduled_tweets/vendor/bundle/ruby/2.7.0/gems/sqlite3-1.7.3/ports/arm64-apple-darwin24.0.0/sqlite3/3.45.2/include -D_XOPEN_SOURCE -D_DARWIN_C_SOURCE -D_DARWIN_UNLIMITED_SELECT -D_REENTRANT   -O3 -ggdb3 -Wall -Wextra -Wdeprecated-declarations -Wdivision-by-zero -Wimplicit-function-declaration -Wimplicit-int -Wmisleading-indentation -Wpointer-arith -Wshorten-64-to-32 -Wwrite-strings -Wmissing-noreturn -Wno-cast-function-type -Wno-constant-logical-operand -Wno-long-long -Wno-missing-field-initializers -Wno-overlength-strings -Wno-parentheses-equality -Wno-self-assign -Wno-tautological-compare -Wno-unused-parameter -Wno-unused-value -Wunused-variable -Wextra-tokens  -fno-common -pipe  -fvisibility=hidden conftest.c  -L. -L/Users/thaminduliyanage/.rbenv/versions/2.7.2/lib -L. -fstack-protector-strong -L/Users/thaminduliyanage/Workspaces/ruby-sites/project-01/scheduled_tweets/vendor/bundle/ruby/2.7.0/gems/sqlite3-1.7.3/ports/arm64-apple-darwin24.0.0/sqlite3/3.45.2/lib -L/Users/thaminduliyanage/Workspaces/ruby-sites/project-01/scheduled_tweets/vendor/bundle/ruby/2.7.0/gems/sqlite3-1.7.3/ports/arm64-apple-darwin24.0.0/sqlite3/3.45.2/lib -lsqlite3 -lz    -lsqlite3  -lsqlite3 -lruby.2.7 -lsqlite3  -lsqlite3  "
conftest.c:14:57: error: use of undeclared identifier 'sqlite3_open_v2'
   14 | int t(void) { void ((*volatile p)()); p = (void ((*)()))sqlite3_open_v2; return !p; }
      |                                                         ^
1 error generated.
checked program was:
/* begin */
 1: #include "ruby.h"
 2: 
 3: /*top*/
 4: extern int t(void);
 5: int main(int argc, char **argv)
 6: {
 7:   if (argc > 1000000) {
 8:     int (* volatile tp)(void)=(int (*)(void))&t;
 9:     printf("%d", (*tp)());
10:   }
11: 
12:   return !!argv[argc];
13: }
14: int t(void) { void ((*volatile p)()); p = (void ((*)()))sqlite3_open_v2; return !p; }
/* end */

"clang -o conftest -I/Users/thaminduliyanage/.rbenv/versions/2.7.2/include/ruby-2.7.0/arm64-darwin23 -I/Users/thaminduliyanage/.rbenv/versions/2.7.2/include/ruby-2.7.0/ruby/backward -I/Users/thaminduliyanage/.rbenv/versions/2.7.2/include/ruby-2.7.0 -I. -I/Users/thaminduliyanage/Workspaces/ruby-sites/project-01/scheduled_tweets/vendor/bundle/ruby/2.7.0/gems/sqlite3-1.7.3/ports/arm64-apple-darwin24.0.0/sqlite3/3.45.2/include -D_XOPEN_SOURCE -D_DARWIN_C_SOURCE -D_DARWIN_UNLIMITED_SELECT -D_REENTRANT   -O3 -ggdb3 -Wall -Wextra -Wdeprecated-declarations -Wdivision-by-zero -Wimplicit-function-declaration -Wimplicit-int -Wmisleading-indentation -Wpointer-arith -Wshorten-64-to-32 -Wwrite-strings -Wmissing-noreturn -Wno-cast-function-type -Wno-constant-logical-operand -Wno-long-long -Wno-missing-field-initializers -Wno-overlength-strings -Wno-parentheses-equality -Wno-self-assign -Wno-tautological-compare -Wno-unused-parameter -Wno-unused-value -Wunused-variable -Wextra-tokens  -fno-common -pipe  -fvisibility=hidden conftest.c  -L. -L/Users/thaminduliyanage/.rbenv/versions/2.7.2/lib -L. -fstack-protector-strong -L/Users/thaminduliyanage/Workspaces/ruby-sites/project-01/scheduled_tweets/vendor/bundle/ruby/2.7.0/gems/sqlite3-1.7.3/ports/arm64-apple-darwin24.0.0/sqlite3/3.45.2/lib -L/Users/thaminduliyanage/Workspaces/ruby-sites/project-01/scheduled_tweets/vendor/bundle/ruby/2.7.0/gems/sqlite3-1.7.3/ports/arm64-apple-darwin24.0.0/sqlite3/3.45.2/lib -lsqlite3 -lz    -lsqlite3  -lsqlite3 -lruby.2.7 -lsqlite3  -lsqlite3  "
ld: warning: ignoring duplicate libraries: '-lsqlite3'
checked program was:
/* begin */
 1: #include "ruby.h"
 2: 
 3: /*top*/
 4: extern int t(void);
 5: int main(int argc, char **argv)
 6: {
 7:   if (argc > 1000000) {
 8:     int (* volatile tp)(void)=(int (*)(void))&t;
 9:     printf("%d", (*tp)());
10:   }
11: 
12:   return !!argv[argc];
13: }
14: extern void sqlite3_open_v2();
15: int t(void) { sqlite3_open_v2(); return 0; }
/* end */

--------------------

have_func: checking for sqlite3_prepare_v2()... -------------------- yes

"clang -o conftest -I/Users/thaminduliyanage/.rbenv/versions/2.7.2/include/ruby-2.7.0/arm64-darwin23 -I/Users/thaminduliyanage/.rbenv/versions/2.7.2/include/ruby-2.7.0/ruby/backward -I/Users/thaminduliyanage/.rbenv/versions/2.7.2/include/ruby-2.7.0 -I. -I/Users/thaminduliyanage/Workspaces/ruby-sites/project-01/scheduled_tweets/vendor/bundle/ruby/2.7.0/gems/sqlite3-1.7.3/ports/arm64-apple-darwin24.0.0/sqlite3/3.45.2/include -D_XOPEN_SOURCE -D_DARWIN_C_SOURCE -D_DARWIN_UNLIMITED_SELECT -D_REENTRANT   -O3 -ggdb3 -Wall -Wextra -Wdeprecated-declarations -Wdivision-by-zero -Wimplicit-function-declaration -Wimplicit-int -Wmisleading-indentation -Wpointer-arith -Wshorten-64-to-32 -Wwrite-strings -Wmissing-noreturn -Wno-cast-function-type -Wno-constant-logical-operand -Wno-long-long -Wno-missing-field-initializers -Wno-overlength-strings -Wno-parentheses-equality -Wno-self-assign -Wno-tautological-compare -Wno-unused-parameter -Wno-unused-value -Wunused-variable -Wextra-tokens  -fno-common -pipe  -fvisibility=hidden conftest.c  -L. -L/Users/thaminduliyanage/.rbenv/versions/2.7.2/lib -L. -fstack-protector-strong -L/Users/thaminduliyanage/Workspaces/ruby-sites/project-01/scheduled_tweets/vendor/bundle/ruby/2.7.0/gems/sqlite3-1.7.3/ports/arm64-apple-darwin24.0.0/sqlite3/3.45.2/lib -L/Users/thaminduliyanage/Workspaces/ruby-sites/project-01/scheduled_tweets/vendor/bundle/ruby/2.7.0/gems/sqlite3-1.7.3/ports/arm64-apple-darwin24.0.0/sqlite3/3.45.2/lib -lsqlite3 -lz    -lsqlite3  -lsqlite3 -lruby.2.7 -lsqlite3  -lsqlite3  "
conftest.c:14:57: error: use of undeclared identifier 'sqlite3_prepare_v2'
   14 | int t(void) { void ((*volatile p)()); p = (void ((*)()))sqlite3_prepare_v2; return !p; }
      |                                                         ^
1 error generated.
checked program was:
/* begin */
 1: #include "ruby.h"
 2: 
 3: /*top*/
 4: extern int t(void);
 5: int main(int argc, char **argv)
 6: {
 7:   if (argc > 1000000) {
 8:     int (* volatile tp)(void)=(int (*)(void))&t;
 9:     printf("%d", (*tp)());
10:   }
11: 
12:   return !!argv[argc];
13: }
14: int t(void) { void ((*volatile p)()); p = (void ((*)()))sqlite3_prepare_v2; return !p; }
/* end */

"clang -o conftest -I/Users/thaminduliyanage/.rbenv/versions/2.7.2/include/ruby-2.7.0/arm64-darwin23 -I/Users/thaminduliyanage/.rbenv/versions/2.7.2/include/ruby-2.7.0/ruby/backward -I/Users/thaminduliyanage/.rbenv/versions/2.7.2/include/ruby-2.7.0 -I. -I/Users/thaminduliyanage/Workspaces/ruby-sites/project-01/scheduled_tweets/vendor/bundle/ruby/2.7.0/gems/sqlite3-1.7.3/ports/arm64-apple-darwin24.0.0/sqlite3/3.45.2/include -D_XOPEN_SOURCE -D_DARWIN_C_SOURCE -D_DARWIN_UNLIMITED_SELECT -D_REENTRANT   -O3 -ggdb3 -Wall -Wextra -Wdeprecated-declarations -Wdivision-by-zero -Wimplicit-function-declaration -Wimplicit-int -Wmisleading-indentation -Wpointer-arith -Wshorten-64-to-32 -Wwrite-strings -Wmissing-noreturn -Wno-cast-function-type -Wno-constant-logical-operand -Wno-long-long -Wno-missing-field-initializers -Wno-overlength-strings -Wno-parentheses-equality -Wno-self-assign -Wno-tautological-compare -Wno-unused-parameter -Wno-unused-value -Wunused-variable -Wextra-tokens  -fno-common -pipe  -fvisibility=hidden conftest.c  -L. -L/Users/thaminduliyanage/.rbenv/versions/2.7.2/lib -L. -fstack-protector-strong -L/Users/thaminduliyanage/Workspaces/ruby-sites/project-01/scheduled_tweets/vendor/bundle/ruby/2.7.0/gems/sqlite3-1.7.3/ports/arm64-apple-darwin24.0.0/sqlite3/3.45.2/lib -L/Users/thaminduliyanage/Workspaces/ruby-sites/project-01/scheduled_tweets/vendor/bundle/ruby/2.7.0/gems/sqlite3-1.7.3/ports/arm64-apple-darwin24.0.0/sqlite3/3.45.2/lib -lsqlite3 -lz    -lsqlite3  -lsqlite3 -lruby.2.7 -lsqlite3  -lsqlite3  "
ld: warning: ignoring duplicate libraries: '-lsqlite3'
checked program was:
/* begin */
 1: #include "ruby.h"
 2: 
 3: /*top*/
 4: extern int t(void);
 5: int main(int argc, char **argv)
 6: {
 7:   if (argc > 1000000) {
 8:     int (* volatile tp)(void)=(int (*)(void))&t;
 9:     printf("%d", (*tp)());
10:   }
11: 
12:   return !!argv[argc];
13: }
14: extern void sqlite3_prepare_v2();
15: int t(void) { sqlite3_prepare_v2(); return 0; }
/* end */

--------------------

have_type: checking for sqlite3_int64 in sqlite3.h... -------------------- yes

"clang -I/Users/thaminduliyanage/.rbenv/versions/2.7.2/include/ruby-2.7.0/arm64-darwin23 -I/Users/thaminduliyanage/.rbenv/versions/2.7.2/include/ruby-2.7.0/ruby/backward -I/Users/thaminduliyanage/.rbenv/versions/2.7.2/include/ruby-2.7.0 -I. -I/Users/thaminduliyanage/Workspaces/ruby-sites/project-01/scheduled_tweets/vendor/bundle/ruby/2.7.0/gems/sqlite3-1.7.3/ports/arm64-apple-darwin24.0.0/sqlite3/3.45.2/include -D_XOPEN_SOURCE -D_DARWIN_C_SOURCE -D_DARWIN_UNLIMITED_SELECT -D_REENTRANT   -O3 -ggdb3 -Wall -Wextra -Wdeprecated-declarations -Wdivision-by-zero -Wimplicit-function-declaration -Wimplicit-int -Wmisleading-indentation -Wpointer-arith -Wshorten-64-to-32 -Wwrite-strings -Wmissing-noreturn -Wno-cast-function-type -Wno-constant-logical-operand -Wno-long-long -Wno-missing-field-initializers -Wno-overlength-strings -Wno-parentheses-equality -Wno-self-assign -Wno-tautological-compare -Wno-unused-parameter -Wno-unused-value -Wunused-variable -Wextra-tokens  -fno-common -pipe  -fvisibility=hidden   -c conftest.c"
checked program was:
/* begin */
1: #include "ruby.h"
2: 
3: #include <sqlite3.h>
4: 
5: /*top*/
6: typedef sqlite3_int64 conftest_type;
7: int conftestval[sizeof(conftest_type)?1:-1];
/* end */

--------------------

have_type: checking for sqlite3_uint64 in sqlite3.h... -------------------- yes

"clang -I/Users/thaminduliyanage/.rbenv/versions/2.7.2/include/ruby-2.7.0/arm64-darwin23 -I/Users/thaminduliyanage/.rbenv/versions/2.7.2/include/ruby-2.7.0/ruby/backward -I/Users/thaminduliyanage/.rbenv/versions/2.7.2/include/ruby-2.7.0 -I. -I/Users/thaminduliyanage/Workspaces/ruby-sites/project-01/scheduled_tweets/vendor/bundle/ruby/2.7.0/gems/sqlite3-1.7.3/ports/arm64-apple-darwin24.0.0/sqlite3/3.45.2/include -D_XOPEN_SOURCE -D_DARWIN_C_SOURCE -D_DARWIN_UNLIMITED_SELECT -D_REENTRANT   -O3 -ggdb3 -Wall -Wextra -Wdeprecated-declarations -Wdivision-by-zero -Wimplicit-function-declaration -Wimplicit-int -Wmisleading-indentation -Wpointer-arith -Wshorten-64-to-32 -Wwrite-strings -Wmissing-noreturn -Wno-cast-function-type -Wno-constant-logical-operand -Wno-long-long -Wno-missing-field-initializers -Wno-overlength-strings -Wno-parentheses-equality -Wno-self-assign -Wno-tautological-compare -Wno-unused-parameter -Wno-unused-value -Wunused-variable -Wextra-tokens  -fno-common -pipe  -fvisibility=hidden   -c conftest.c"
checked program was:
/* begin */
1: #include "ruby.h"
2: 
3: #include <sqlite3.h>
4: 
5: /*top*/
6: typedef sqlite3_uint64 conftest_type;
7: int conftestval[sizeof(conftest_type)?1:-1];
/* end */

--------------------

